[17:25:56.833] [INFO] storybook v10.2.8
[17:25:57.896] [DEBUG] Getting package.json info for /Users/nikolaigorokhov/Projects/1A/a1-components/package.json...
[17:25:57.898] [WARN] You are currently using Storybook [1m10.2.8[22m but you have packages which are incompatible with it:

- @storybook/addon-essentials@7.6.21 which depends on 7.6.21
 Repo: https://github.com/storybookjs/storybook/tree/next/code/addons/essentials

Please consider updating your packages or contacting the maintainers for compatibility details.

For more details on compatibility guidance, see:
https://github.com/storybookjs/storybook/issues/32836
[17:25:57.917] [WARN] Could not resolve addon "@storybook/addon-links", skipping. Is it installed?
[17:25:57.924] [ERROR] [38;2;241;97;97mSB_CORE-SERVER_0002 (CriticalPresetLoadError): Storybook failed to load the following preset: @storybook/html-vite/preset.

Please check whether your setup is correct, the Storybook dependencies (and their peer dependencies) are installed correctly and there are no package version clashes.

If you believe this is a bug, please open an issue on Github.

Error [ERR_MODULE_NOT_FOUND]: Cannot find package '@storybook/html-vite' imported from /Users/nikolaigorokhov/.npm/_npx/6fe9a9991b157df1/node_modules/storybook/dist/_node-chunks/chunk-C6KVY6VB.js
    at Object.getPackageJSONURL (node:internal/modules/package_json_reader:267:9)
    at packageResolve (node:internal/modules/esm/resolve:768:81)
    at moduleResolve (node:internal/modules/esm/resolve:854:18)
    at defaultResolve (node:internal/modules/esm/resolve:984:11)
    at nextResolve (node:internal/modules/esm/hooks:748:28)
    at Hooks.resolve (node:internal/modules/esm/hooks:240:30)
    at MessagePort.handleMessage (node:internal/modules/esm/worker:199:24)
    at [nodejs.internal.kHybridDispatch] (node:internal/event_target:827:20)
    at MessagePort.<anonymous> (node:internal/per_context/messageport:23:28)

More info: 
[39m
    at loadPreset (file:///Users/nikolaigorokhov/.npm/_npx/6fe9a9991b157df1/node_modules/storybook/dist/_node-chunks/chunk-WF46L34H.js:10081:13)
    at async Promise.all (index 0)
    at async loadPresets (file:///Users/nikolaigorokhov/.npm/_npx/6fe9a9991b157df1/node_modules/storybook/dist/_node-chunks/chunk-WF46L34H.js:10090:73)
    at async getPresets (file:///Users/nikolaigorokhov/.npm/_npx/6fe9a9991b157df1/node_modules/storybook/dist/_node-chunks/chunk-WF46L34H.js:10121:23)
    at async buildDevStandalone (file:///Users/nikolaigorokhov/.npm/_npx/6fe9a9991b157df1/node_modules/storybook/dist/core-server/index.js:7532:17)
    at async withTelemetry (file:///Users/nikolaigorokhov/.npm/_npx/6fe9a9991b157df1/node_modules/storybook/dist/_node-chunks/chunk-KIOKJLL5.js:218:12)
    at async dev (file:///Users/nikolaigorokhov/.npm/_npx/6fe9a9991b157df1/node_modules/storybook/dist/bin/core.js:2734:3)
    at async _Command.<anonymous> (file:///Users/nikolaigorokhov/.npm/_npx/6fe9a9991b157df1/node_modules/storybook/dist/bin/core.js:2803:92)
[17:25:57.928] [WARN] Broken build, fix the error above.
You may need to refresh the browser.
[17:25:57.931] [WARN] Could not resolve addon "@storybook/addon-links", skipping. Is it installed?
[17:26:03.233] [PROMPT] Would you like to send anonymous crash reports to improve Storybook and fix bugs faster? {"choice":false}
[17:26:03.235] [INFO] Storybook collects completely anonymous usage telemetry. We use it to shape Storybook's roadmap and prioritize features. You can learn more, including how to opt out, at https://storybook.js.org/telemetry